<?xml version="1.0" encoding="UTF-8" ?>
<testsuite errors="1" failures="0" hostname="PC-20171217XVBO" name="main.test.OpenIdTest" skipped="0" tests="1" time="0.052" timestamp="2018-03-14T09:32:45">
  <properties>
    <property name="java.vendor" value="Oracle Corporation" />
    <property name="ant.file.type.AntDemo" value="file" />
    <property name="sun.java.launcher" value="SUN_STANDARD" />
    <property name="sun.management.compiler" value="HotSpot 64-Bit Tiered Compilers" />
    <property name="os.name" value="Windows 10" />
    <property name="sun.boot.class.path" value="D:\JDK8\jre\lib\resources.jar;D:\JDK8\jre\lib\rt.jar;D:\JDK8\jre\lib\sunrsasign.jar;D:\JDK8\jre\lib\jsse.jar;D:\JDK8\jre\lib\jce.jar;D:\JDK8\jre\lib\charsets.jar;D:\JDK8\jre\lib\jfr.jar;D:\JDK8\jre\classes" />
    <property name="sun.desktop" value="windows" />
    <property name="java.vm.specification.vendor" value="Oracle Corporation" />
    <property name="ant.home" value="E:\apache-ant-1.10.2" />
    <property name="java.runtime.version" value="1.8.0_162-b12" />
    <property name="user.name" value="Administrator" />
    <property name="user.language" value="zh" />
    <property name="dist.path" value="dist" />
    <property name="sun.boot.library.path" value="D:\JDK8\jre\bin" />
    <property name="ant.project.default-target" value="junit" />
    <property name="ant.project.name" value="AntDemo" />
    <property name="java.version" value="1.8.0_162" />
    <property name="user.timezone" value="" />
    <property name="sun.arch.data.model" value="64" />
    <property name="java.endorsed.dirs" value="D:\JDK8\jre\lib\endorsed" />
    <property name="sun.cpu.isalist" value="amd64" />
    <property name="sun.jnu.encoding" value="GBK" />
    <property name="file.encoding.pkg" value="sun.io" />
    <property name="file.separator" value="\" />
    <property name="java.specification.name" value="Java Platform API Specification" />
    <property name="ant.file.AntDemo" value="E:\HomeMailServer\HomeMail\build.xml" />
    <property name="report.path" value="report" />
    <property name="java.class.version" value="52.0" />
    <property name="user.country" value="CN" />
    <property name="java.home" value="D:\JDK8\jre" />
    <property name="java.vm.info" value="mixed mode" />
    <property name="ant.file" value="E:\HomeMailServer\HomeMail\build.xml" />
    <property name="os.version" value="10.0" />
    <property name="path.separator" value=";" />
    <property name="java.vm.version" value="25.162-b12" />
    <property name="user.variant" value="" />
    <property name="ant.library.dir" value="E:\apache-ant-1.10.2\lib" />
    <property name="java.awt.printerjob" value="sun.awt.windows.WPrinterJob" />
    <property name="sun.io.unicode.encoding" value="UnicodeLittle" />
    <property name="awt.toolkit" value="sun.awt.windows.WToolkit" />
    <property name="sun.stdout.encoding" value="ms936" />
    <property name="user.script" value="" />
    <property name="user.home" value="C:\Users\Administrator" />
    <property name="java.specification.vendor" value="Oracle Corporation" />
    <property name="java.library.path" value="D:\JDK8\jre\bin;C:\WINDOWS\Sun\Java\bin;C:\WINDOWS\system32;C:\WINDOWS;C:\ProgramData\Oracle\Java\javapath;C:\Program Files (x86)\NVIDIA Corporation\PhysX\Common;C:\WINDOWS\system32;C:\WINDOWS;C:\WINDOWS\System32\Wbem;C:\WINDOWS\System32\WindowsPowerShell\v1.0\;C:\Program Files\Microsoft SQL Server\110\Tools\Binn\;C:\Program Files\Microsoft SQL Server\120\Tools\Binn\;D:\Git\cmd;C:\Program Files\nodejs\;C:\Program Files\nodejs;E:\Tomcat\apache-tomcat-9.0.5\bin;E:\Tomcat\apache-tomcat-9.0.5\lib;E:\apache-ant-1.10.2\bin;C:\Users\Administrator\AppData\Local\Microsoft\WindowsApps;C:\Users\Administrator\AppData\Roaming\npm;D:\Microsoft VS Code\bin;." />
    <property name="java.vendor.url" value="http://java.oracle.com/" />
    <property name="java.vm.vendor" value="Oracle Corporation" />
    <property name="java.runtime.name" value="Java(TM) SE Runtime Environment" />
    <property name="sun.java.command" value="org.apache.tools.ant.taskdefs.optional.junit.JUnitTestRunner main.test.OpenIdTest skipNonTests=false filtertrace=true haltOnError=false haltOnFailure=false formatter=org.apache.tools.ant.taskdefs.optional.junit.SummaryJUnitResultFormatter showoutput=false outputtoformatters=true logfailedtests=true threadid=0 logtestlistenerevents=false formatter=org.apache.tools.ant.taskdefs.optional.junit.XMLJUnitResultFormatter,E:\HomeMailServer\HomeMail\report\TEST-main.test.OpenIdTest.xml crashfile=E:\HomeMailServer\HomeMail\junitvmwatcher3742253077469081907.properties propsfile=E:\HomeMailServer\HomeMail\junit7178201001803987780.properties" />
    <property name="java.class.path" value="E:\HomeMailServer\HomeMail\web\lib\aspectjrt.jar;E:\HomeMailServer\HomeMail\web\lib\mysql-connector-java-5.1.45-bin.jar;E:\HomeMailServer\HomeMail\web\lib\resources_en.jar;E:\HomeMailServer\HomeMail\build;E:\Tomcat\apache-tomcat-9.0.5\lib\servlet-api.jar;E:\apache-ant-1.10.2\lib\junit-4.8.1.jar;E:\apache-ant-1.10.2\lib\ant-launcher.jar;E:\apache-ant-1.10.2\lib\ant.jar;E:\apache-ant-1.10.2\lib\ant-junit.jar;E:\apache-ant-1.10.2\lib\ant-junit4.jar" />
    <property name="src.path" value="src/main" />
    <property name="ant.version" value="Apache Ant(TM) version 1.10.2 compiled on February 3 2018" />
    <property name="java.vm.specification.name" value="Java Virtual Machine Specification" />
    <property name="ant.file.type" value="file" />
    <property name="java.vm.specification.version" value="1.8" />
    <property name="sun.cpu.endian" value="little" />
    <property name="sun.os.patch.level" value="" />
    <property name="java.io.tmpdir" value="C:\Users\ADMINI~1\AppData\Local\Temp\" />
    <property name="java.vendor.url.bug" value="http://bugreport.sun.com/bugreport/" />
    <property name="lib.path" value="web/lib" />
    <property name="os.arch" value="amd64" />
    <property name="java.awt.graphicsenv" value="sun.awt.Win32GraphicsEnvironment" />
    <property name="java.ext.dirs" value="D:\JDK8\jre\lib\ext;C:\WINDOWS\Sun\Java\lib\ext" />
    <property name="user.dir" value="E:\HomeMailServer\HomeMail" />
    <property name="line.separator" value="&#xd;&#xa;" />
    <property name="java.vm.name" value="Java HotSpot(TM) 64-Bit Server VM" />
    <property name="build.path" value="build" />
    <property name="basedir" value="E:\HomeMailServer\HomeMail" />
    <property name="ant.java.version" value="1.8" />
    <property name="ant.core.lib" value="E:\apache-ant-1.10.2\lib\ant.jar" />
    <property name="test.path" value="web/classes" />
    <property name="file.encoding" value="GBK" />
    <property name="sun.stderr.encoding" value="ms936" />
    <property name="java.specification.version" value="1.8" />
    <property name="ant.project.invoked-targets" value="junit" />
  </properties>
  <testcase classname="main.test.OpenIdTest" name="initializationError" time="0.005">
    <error message="No runnable methods" type="java.lang.Exception">java.lang.Exception: No runnable methods
	at java.lang.reflect.Constructor.newInstance(Constructor.java:423)
</error>
  </testcase>
  <system-out><![CDATA[]]></system-out>
  <system-err><![CDATA[]]></system-err>
</testsuite>
